# JRE version: Java(TM) SE Runtime Environment (8.0_31-b13) (build 1.8.0_31-b13)
# Java VM: Java HotSpot(TM) Client VM (25.31-b07 mixed mode, sharing windows-x86 )
Heap:
 def new generation   total 65024K, used 30116K [0x0f200000, 0x13880000, 0x14750000)
  eden space 57856K,  52% used [0x0f200000, 0x10f68cb8, 0x12a80000)
  from space 7168K,   0% used [0x13180000, 0x131803a0, 0x13880000)
  to   space 7168K,   0% used [0x12a80000, 0x12a80000, 0x13180000)
 tenured generation   total 144084K, used 137093K [0x14750000, 0x1d405000, 0x1f200000)
   the space 144084K,  95% used [0x14750000, 0x1cd31670, 0x1cd31800, 0x1d405000)
 Metaspace       used 987K, capacity 2606K, committed 2624K, reserved 4480K
GC Heap History (10 events):
Event: 65.409 GC heap before
{Heap before GC invocations=7626 (full 8):
 def new generation   total 65024K, used 57857K [0x0f200000, 0x13880000, 0x14750000)
  eden space 57856K, 100% used [0x0f200000, 0x12a80000, 0x12a80000)
  from space 7168K,   0% used [0x12a80000, 0x12a80438, 0x13180000)
  to   space 7168K,   0% used [0x13180000, 0x13180000, 0x13880000)
 tenured generation   total 144084K, used 137093K [0x14750000, 0x1d405000, 0x1f200000)
   the space 144084K,  95% used [0x14750000, 0x1cd315d8, 0x1cd31600, 0x1d405000)
 Metaspace       used 987K, capacity 2606K, committed 2624K, reserved 4480K
Event: 65.410 GC heap after
Heap after GC invocations=7627 (full 8):
 def new generation   total 65024K, used 1K [0x0f200000, 0x13880000, 0x14750000)
  eden space 57856K,   0% used [0x0f200000, 0x0f200000, 0x12a80000)
  from space 7168K,   0% used [0x13180000, 0x13180458, 0x13880000)
  to   space 7168K,   0% used [0x12a80000, 0x12a80000, 0x13180000)
 tenured generation   total 144084K, used 137093K [0x14750000, 0x1d405000, 0x1f200000)
   the space 144084K,  95% used [0x14750000, 0x1cd315d8, 0x1cd31600, 0x1d405000)
 Metaspace       used 987K, capacity 2606K, committed 2624K, reserved 4480K
}
Event: 65.494 GC heap before
{Heap before GC invocations=7627 (full 8):
 def new generation   total 65024K, used 57857K [0x0f200000, 0x13880000, 0x14750000)
  eden space 57856K, 100% used [0x0f200000, 0x12a80000, 0x12a80000)
  from space 7168K,   0% used [0x13180000, 0x13180458, 0x13880000)
  to   space 7168K,   0% used [0x12a80000, 0x12a80000, 0x13180000)
 tenured generation   total 144084K, used 137093K [0x14750000, 0x1d405000, 0x1f200000)
   the space 144084K,  95% used [0x14750000, 0x1cd315d8, 0x1cd31600, 0x1d405000)
 Metaspace       used 987K, capacity 2606K, committed 2624K, reserved 4480K
Event: 65.495 GC heap after
Heap after GC invocations=7628 (full 8):
 def new generation   total 65024K, used 1K [0x0f200000, 0x13880000, 0x14750000)
  eden space 57856K,   0% used [0x0f200000, 0x0f200000, 0x12a80000)
  from space 7168K,   0% used [0x12a80000, 0x12a80438, 0x13180000)
  to   space 7168K,   0% used [0x13180000, 0x13180000, 0x13880000)
 tenured generation   total 144084K, used 137093K [0x14750000, 0x1d405000, 0x1f200000)
   the space 144084K,  95% used [0x14750000, 0x1cd315d8, 0x1cd31600, 0x1d405000)
 Metaspace       used 987K, capacity 2606K, committed 2624K, reserved 4480K
}
Event: 65.581 GC heap before
{Heap before GC invocations=7628 (full 8):
 def new generation   total 65024K, used 57857K [0x0f200000, 0x13880000, 0x14750000)
  eden space 57856K, 100% used [0x0f200000, 0x12a80000, 0x12a80000)
  from space 7168K,   0% used [0x12a80000, 0x12a80438, 0x13180000)
  to   space 7168K,   0% used [0x13180000, 0x13180000, 0x13880000)
 tenured generation   total 144084K, used 137093K [0x14750000, 0x1d405000, 0x1f200000)
   the space 144084K,  95% used [0x14750000, 0x1cd315d8, 0x1cd31600, 0x1d405000)
 Metaspace       used 987K, capacity 2606K, committed 2624K, reserved 4480K
Event: 65.582 GC heap after
Heap after GC invocations=7629 (full 8):
 def new generation   total 65024K, used 1K [0x0f200000, 0x13880000, 0x14750000)
  eden space 57856K,   0% used [0x0f200000, 0x0f200000, 0x12a80000)
  from space 7168K,   0% used [0x13180000, 0x13180438, 0x13880000)
  to   space 7168K,   0% used [0x12a80000, 0x12a80000, 0x13180000)
 tenured generation   total 144084K, used 137093K [0x14750000, 0x1d405000, 0x1f200000)
   the space 144084K,  95% used [0x14750000, 0x1cd315d8, 0x1cd31600, 0x1d405000)
 Metaspace       used 987K, capacity 2606K, committed 2624K, reserved 4480K
}
Event: 65.670 GC heap before
{Heap before GC invocations=7629 (full 8):
 def new generation   total 65024K, used 57857K [0x0f200000, 0x13880000, 0x14750000)
  eden space 57856K, 100% used [0x0f200000, 0x12a80000, 0x12a80000)
  from space 7168K,   0% used [0x13180000, 0x13180438, 0x13880000)
  to   space 7168K,   0% used [0x12a80000, 0x12a80000, 0x13180000)
 tenured generation   total 144084K, used 137093K [0x14750000, 0x1d405000, 0x1f200000)
   the space 144084K,  95% used [0x14750000, 0x1cd315d8, 0x1cd31600, 0x1d405000)
 Metaspace       used 987K, capacity 2606K, committed 2624K, reserved 4480K
Event: 65.671 GC heap after
Heap after GC invocations=7630 (full 8):
 def new generation   total 65024K, used 1K [0x0f200000, 0x13880000, 0x14750000)
  eden space 57856K,   0% used [0x0f200000, 0x0f200000, 0x12a80000)
  from space 7168K,   0% used [0x12a80000, 0x12a80438, 0x13180000)
  to   space 7168K,   0% used [0x13180000, 0x13180000, 0x13880000)
 tenured generation   total 144084K, used 137093K [0x14750000, 0x1d405000, 0x1f200000)
   the space 144084K,  95% used [0x14750000, 0x1cd315d8, 0x1cd31600, 0x1d405000)
 Metaspace       used 987K, capacity 2606K, committed 2624K, reserved 4480K
}
Event: 65.761 GC heap before
{Heap before GC invocations=7630 (full 8):
 def new generation   total 65024K, used 57857K [0x0f200000, 0x13880000, 0x14750000)
  eden space 57856K, 100% used [0x0f200000, 0x12a80000, 0x12a80000)
  from space 7168K,   0% used [0x12a80000, 0x12a80438, 0x13180000)
  to   space 7168K,   0% used [0x13180000, 0x13180000, 0x13880000)
 tenured generation   total 144084K, used 137093K [0x14750000, 0x1d405000, 0x1f200000)
   the space 144084K,  95% used [0x14750000, 0x1cd315d8, 0x1cd31600, 0x1d405000)
 Metaspace       used 987K, capacity 2606K, committed 2624K, reserved 4480K
Event: 65.761 GC heap after
Heap after GC invocations=7631 (full 8):
 def new generation   total 65024K, used 0K [0x0f200000, 0x13880000, 0x14750000)
  eden space 57856K,   0% used [0x0f200000, 0x0f200000, 0x12a80000)
  from space 7168K,   0% used [0x13180000, 0x131803a0, 0x13880000)
  to   space 7168K,   0% used [0x12a80000, 0x12a80000, 0x13180000)
 tenured generation   total 144084K, used 137093K [0x14750000, 0x1d405000, 0x1f200000)
   the space 144084K,  95% used [0x14750000, 0x1cd31670, 0x1cd31800, 0x1d405000)
 Metaspace       used 987K, capacity 2606K, committed 2624K, reserved 4480K
}

